<?xml version="1.0" encoding="UTF-8"?>
<!-- Generated by org.testng.reporters.JUnitReportReporter -->
<testsuite hostname="DESKTOP-6788M5A" name="practest.Udemy.HomePage" tests="1" failures="0" timestamp="28 Mar 2020 09:54:34 GMT" time="37.336" errors="0">
  <testcase name="maindata" time="37.336" classname="practest.Udemy.HomePage"/>
</testsuite> <!-- practest.Udemy.HomePage -->
