<?xml version="1.0" encoding="UTF-8"?>
<!-- Generated by org.testng.reporters.JUnitReportReporter -->
<testsuite hostname="DESKTOP-6788M5A" name="practest.Udemy.HomePage" tests="1" failures="0" timestamp="4 Apr 2020 09:03:47 GMT" time="36.976" errors="0">
  <testcase name="maindata" time="36.976" classname="practest.Udemy.HomePage"/>
</testsuite> <!-- practest.Udemy.HomePage -->
