<?xml version="1.0" encoding="UTF-8"?>
<!-- Generated by org.testng.reporters.JUnitReportReporter -->
<testsuite skipped="0" hostname="DESKTOP-6788M5A" name="practice.Udemy.HomePage" tests="1" failures="0" timestamp="20 Mar 2020 17:38:38 GMT" time="35.134" errors="0">
  <testcase name="basePageNavigation" time="35.134" classname="practice.Udemy.HomePage"/>
</testsuite> <!-- practice.Udemy.HomePage -->
