<?xml version="1.0" encoding="UTF-8"?>
<!-- Generated by org.testng.reporters.JUnitReportReporter -->
<testsuite hostname="DESKTOP-6788M5A" name="practest.Udemy.HomePage" tests="1" failures="0" timestamp="31 Mar 2020 11:24:17 GMT" time="27.363" errors="0">
  <testcase name="maindata" time="27.363" classname="practest.Udemy.HomePage"/>
</testsuite> <!-- practest.Udemy.HomePage -->
