<?xml version="1.0" encoding="UTF-8"?>
<!-- Generated by org.testng.reporters.JUnitReportReporter -->
<testsuite hostname="DESKTOP-6788M5A" name="practest.Udemy.HomePage" tests="1" failures="0" timestamp="29 Mar 2020 10:59:48 GMT" time="33.257" errors="0">
  <testcase name="maindata" time="33.257" classname="practest.Udemy.HomePage"/>
</testsuite> <!-- practest.Udemy.HomePage -->
