<?xml version="1.0" encoding="UTF-8"?>
<!-- Generated by org.testng.reporters.JUnitReportReporter -->
<testsuite skipped="0" hostname="DESKTOP-6788M5A" name="pracdata.HomePage" tests="1" failures="0" timestamp="21 Mar 2020 10:08:12 GMT" time="0.029" errors="0">
  <testcase name="basePageNavigation" time="0.029" classname="pracdata.HomePage"/>
</testsuite> <!-- pracdata.HomePage -->
