<?xml version="1.0" encoding="UTF-8"?>
<!-- Generated by org.testng.reporters.JUnitReportReporter -->
<testsuite hostname="DESKTOP-6788M5A" name="practest.Udemy.ActionData" tests="1" failures="0" timestamp="31 Mar 2020 06:01:34 GMT" time="36.870" errors="0">
  <testcase name="info" time="36.870" classname="practest.Udemy.ActionData"/>
</testsuite> <!-- practest.Udemy.ActionData -->
